{"C:\\mystuff\\UofU Bootcamp\\projects\\u-develop-it\\utils\\inputCheck.js": {"path":"C:\\mystuff\\UofU Bootcamp\\projects\\u-develop-it\\utils\\inputCheck.js","statementMap":{"0":{"start":{"line":4,"column":0},"end":{"line":21,"column":2}},"1":{"start":{"line":5,"column":17},"end":{"line":5,"column":19}},"2":{"start":{"line":7,"column":2},"end":{"line":12,"column":5}},"3":{"start":{"line":9,"column":4},"end":{"line":11,"column":5}},"4":{"start":{"line":10,"column":6},"end":{"line":10,"column":43}},"5":{"start":{"line":14,"column":2},"end":{"line":18,"column":3}},"6":{"start":{"line":15,"column":4},"end":{"line":17,"column":6}},"7":{"start":{"line":20,"column":2},"end":{"line":20,"column":14}}},"fnMap":{"0":{"name":"(anonymous_0)","decl":{"start":{"line":4,"column":17},"end":{"line":4,"column":18}},"loc":{"start":{"line":4,"column":41},"end":{"line":21,"column":1}},"line":4},"1":{"name":"(anonymous_1)","decl":{"start":{"line":7,"column":16},"end":{"line":7,"column":17}},"loc":{"start":{"line":7,"column":26},"end":{"line":12,"column":3}},"line":7}},"branchMap":{"0":{"loc":{"start":{"line":9,"column":4},"end":{"line":11,"column":5}},"type":"if","locations":[{"start":{"line":9,"column":4},"end":{"line":11,"column":5}},{"start":{"line":9,"column":4},"end":{"line":11,"column":5}}],"line":9},"1":{"loc":{"start":{"line":9,"column":8},"end":{"line":9,"column":51}},"type":"binary-expr","locations":[{"start":{"line":9,"column":8},"end":{"line":9,"column":31}},{"start":{"line":9,"column":35},"end":{"line":9,"column":51}}],"line":9},"2":{"loc":{"start":{"line":14,"column":2},"end":{"line":18,"column":3}},"type":"if","locations":[{"start":{"line":14,"column":2},"end":{"line":18,"column":3}},{"start":{"line":14,"column":2},"end":{"line":18,"column":3}}],"line":14}},"s":{"0":1,"1":2,"2":2,"3":3,"4":1,"5":2,"6":1,"7":1},"f":{"0":2,"1":3},"b":{"0":[1,2],"1":[3,3],"2":[1,1]},"_coverageSchema":"1a1c01bbd47fc00a2c39e90264f33305004495a9","hash":"c956619b64e4aee8f47aed4a84d5cf39a974be25"}
}
